Start testing: Nov 18 14:39 Hora estándar de Argentina
----------------------------------------------------------
1/1 Testing: UnitTests
1/1 Test: UnitTests
Command: "C:/Users/mateo/OneDrive/Documentos/mateo/ANALISTA DE SISTEMAS/SISTEMAS-2do/AYEDII/MESA_DE_TRABAJO/Drone/build/runUnitTests.exe"
Directory: C:/Users/mateo/OneDrive/Documentos/mateo/ANALISTA DE SISTEMAS/SISTEMAS-2do/AYEDII/MESA_DE_TRABAJO/Drone/build
"UnitTests" start time: Nov 18 14:39 Hora estándar de Argentina
Output:
----------------------------------------------------------
Running main() from C:\Users\mateo\OneDrive\Documentos\mateo\ANALISTA DE SISTEMAS\SISTEMAS-2do\AYEDII\MESA_DE_TRABAJO\Drone\googletest\googletest\src\gtest_main.cc
[==========] Running 6 tests from 1 test suite.
[----------] Global test environment set-up.
[----------] 6 tests from ProDrone
[ RUN      ] ProDrone.takeoff
[       OK ] ProDrone.takeoff (0 ms)
[ RUN      ] ProDrone.toLand
[       OK ] ProDrone.toLand (0 ms)
[ RUN      ] ProDrone.ascend
C:\Users\mateo\OneDrive\Documentos\mateo\ANALISTA DE SISTEMAS\SISTEMAS-2do\AYEDII\MESA_DE_TRABAJO\Drone\testUnit\Test.cpp:42: Failure
Expected equality of these values:
  proD->getHeight()
    Which is: 10
  15
[  FAILED  ] ProDrone.ascend (0 ms)
[ RUN      ] ProDrone.descend
C:\Users\mateo\OneDrive\Documentos\mateo\ANALISTA DE SISTEMAS\SISTEMAS-2do\AYEDII\MESA_DE_TRABAJO\Drone\testUnit\Test.cpp:53: Failure
Expected equality of these values:
  proD->getHeight()
    Which is: 10
  5
[  FAILED  ] ProDrone.descend (0 ms)
[ RUN      ] ProDrone.speedUp
C:\Users\mateo\OneDrive\Documentos\mateo\ANALISTA DE SISTEMAS\SISTEMAS-2do\AYEDII\MESA_DE_TRABAJO\Drone\testUnit\Test.cpp:65: Failure
Expected equality of these values:
  proD->getSpeed()
    Which is: 0
  5
[  FAILED  ] ProDrone.speedUp (0 ms)
[ RUN      ] ProDrone.speedDown
C:\Users\mateo\OneDrive\Documentos\mateo\ANALISTA DE SISTEMAS\SISTEMAS-2do\AYEDII\MESA_DE_TRABAJO\Drone\testUnit\Test.cpp:78: Failure
Expected equality of these values:
  proD->getSpeed()
    Which is: 1970365728
  0
[  FAILED  ] ProDrone.speedDown (0 ms)
[----------] 6 tests from ProDrone (1 ms total)

[----------] Global test environment tear-down
[==========] 6 tests from 1 test suite ran. (1 ms total)
[  PASSED  ] 2 tests.
[  FAILED  ] 4 tests, listed below:
[  FAILED  ] ProDrone.ascend
[  FAILED  ] ProDrone.descend
[  FAILED  ] ProDrone.speedUp
[  FAILED  ] ProDrone.speedDown

 4 FAILED TESTS
<end of output>
Test time =   0.11 sec
----------------------------------------------------------
Test Failed.
"UnitTests" end time: Nov 18 14:39 Hora estándar de Argentina
"UnitTests" time elapsed: 00:00:00
----------------------------------------------------------

End testing: Nov 18 14:39 Hora estándar de Argentina
